INFO 2023-09-25 23:26:59,980 views 18686 140275972458048Посетили главную страницу
INFO 2023-09-25 23:26:59,981 basehttp 18686 140275972458048"GET /prefix/ HTTP/1.1" 200 310
INFO 2023-09-25 23:27:07,625 views 18686 140275972458048Посетили страницу "О себе"
INFO 2023-09-25 23:27:07,626 basehttp 18686 140275972458048"GET /prefix/about/ HTTP/1.1" 200 214
INFO 2023-09-25 23:27:46,317 autoreload 18686 140276020617216/home/pc/Project/Django/project/myproject/myproject/urls.py changed, reloading.
INFO 2023-09-25 23:27:46,649 autoreload 18782 140092221911040Watching for file changes with StatReloader
INFO 2023-09-25 23:27:54,533 views 18782 140092102407744Посетили страницу "О себе"
INFO 2023-09-25 23:27:54,534 basehttp 18782 140092102407744"GET /about/ HTTP/1.1" 200 214
INFO 2023-09-25 23:28:08,888 views 18782 140092102407744Посетили главную страницу
INFO 2023-09-25 23:28:08,889 basehttp 18782 140092102407744"GET / HTTP/1.1" 200 310
INFO 2023-09-25 23:28:20,054 views 18782 140092102407744Посетили главную страницу
INFO 2023-09-25 23:28:20,055 basehttp 18782 140092102407744"GET / HTTP/1.1" 200 310
INFO 2023-09-25 23:28:23,354 views 18782 140092102407744Посетили главную страницу
INFO 2023-09-25 23:28:23,355 basehttp 18782 140092102407744"GET / HTTP/1.1" 200 310
INFO 2023-09-25 23:28:26,349 views 18782 140092102407744Посетили страницу "О себе"
INFO 2023-09-25 23:28:26,350 basehttp 18782 140092102407744"GET /about/ HTTP/1.1" 200 214
INFO 2023-09-25 23:32:01,611 views 18782 140092102407744Посетили страницу "О себе"
INFO 2023-09-25 23:32:01,612 basehttp 18782 140092102407744"GET /about/ HTTP/1.1" 200 214
INFO 2023-09-25 23:32:32,970 views 18782 140092102407744Посетили страницу "О себе"
INFO 2023-09-25 23:32:32,970 basehttp 18782 140092102407744"GET /about/ HTTP/1.1" 200 214
INFO 2023-09-25 23:33:23,391 views 18782 140092102407744Посетили главную страницу
INFO 2023-09-25 23:33:23,392 basehttp 18782 140092102407744"GET / HTTP/1.1" 200 310
WARNING 2023-09-25 23:33:24,123 log 18782 140092102407744Not Found: /favicon.ico
WARNING 2023-09-25 23:33:24,123 basehttp 18782 140092102407744"GET /favicon.ico HTTP/1.1" 404 2445
WARNING 2023-09-25 23:33:47,891 log 18782 140092102407744Not Found: /favicon.ico
WARNING 2023-09-25 23:33:47,891 basehttp 18782 140092102407744"GET /favicon.ico HTTP/1.1" 404 2445
INFO 2023-09-25 23:36:52,085 autoreload 18782 140092221911040/home/pc/Project/Django/project/myproject/myapp/views.py changed, reloading.
INFO 2023-09-25 23:36:52,420 autoreload 19172 139983669919744Watching for file changes with StatReloader
INFO 2023-09-25 23:36:53,543 views 19172 139983621822016Посетили страницу "О себе"
INFO 2023-09-25 23:36:53,544 basehttp 19172 139983621822016"GET /about/ HTTP/1.1" 200 253
WARNING 2023-09-25 23:37:15,440 log 19172 139983621822016Not Found: /prefix/about/
WARNING 2023-09-25 23:37:15,440 basehttp 19172 139983621822016"GET /prefix/about/ HTTP/1.1" 404 2447
INFO 2023-09-25 23:37:28,823 views 19172 139983621822016Посетили главную страницу
INFO 2023-09-25 23:37:28,824 basehttp 19172 139983621822016"GET / HTTP/1.1" 200 251
INFO 2023-09-25 23:37:40,681 views 19172 139983621822016Посетили главную страницу
INFO 2023-09-25 23:37:40,682 basehttp 19172 139983621822016"GET / HTTP/1.1" 200 251
